#
# There is insufficient memory for the Java Runtime Environment to continue.
# Native memory allocation (malloc) failed to allocate 494896 bytes for Chunk::new
# Possible reasons:
#   The system is out of physical RAM or swap space
#   The process is running with CompressedOops enabled, and the Java Heap may be blocking the growth of the native heap
# Possible solutions:
#   Reduce memory load on the system
#   Increase physical memory or swap space
#   Check if swap backing store is full
#   Decrease Java heap size (-Xmx/-Xms)
#   Decrease number of Java threads
#   Decrease Java thread stack sizes (-Xss)
#   Set larger code cache with -XX:ReservedCodeCacheSize=
#   JVM is running with Zero Based Compressed Oops mode in which the Java heap is
#     placed in the first 32GB address space. The Java Heap base address is the
#     maximum limit for the native heap growth. Please use -XX:HeapBaseMinAddress
#     to set the Java Heap base and to place the Java Heap above 32GB virtual address.
# This output file may be truncated or incomplete.
#
#  Out of Memory Error (arena.cpp:184), pid=40324, tid=37868
#
# JRE version: Java(TM) SE Runtime Environment (20.0+36) (build 20+36-2344)
# Java VM: Java HotSpot(TM) 64-Bit Server VM (20+36-2344, mixed mode, sharing, tiered, compressed oops, compressed class ptrs, g1 gc, windows-amd64)
# No core dump will be written. Minidumps are not enabled by default on client versions of Windows
#

---------------  S U M M A R Y ------------

Command Line: -Dmaven.multiModuleProjectDirectory=F:\Projects\PAF_Project\backend org.apache.maven.wrapper.MavenWrapperMain -q compile -DskipTests

Host: Intel(R) Core(TM) i5-1035G1 CPU @ 1.00GHz, 8 cores, 19G,  Windows 11 , 64 bit Build 26100 (10.0.26100.8115)
Time: Sat Apr 11 06:55:30 2026 Sri Lanka Standard Time elapsed time: 6.726720 seconds (0d 0h 0m 6s)

---------------  T H R E A D  ---------------

Current thread (0x00000244313dbe10):  JavaThread "C2 CompilerThread1" daemon [_thread_in_native, id=37868, stack(0x0000007a25000000,0x0000007a25100000)]


Current CompileTask:
C2:   6726 2890       4       org.apache.maven.model.io.xpp3.MavenXpp3ReaderEx::checkFieldWithDuplicate (75 bytes)

Stack: [0x0000007a25000000,0x0000007a25100000]
Native frames: (J=compiled Java code, j=interpreted, Vv=VM code, C=native code)
V  [jvm.dll+0x6bb95a]
V  [jvm.dll+0x8483aa]
V  [jvm.dll+0x849fa5]
V  [jvm.dll+0x84a6a3]
V  [jvm.dll+0x280b0f]
V  [jvm.dll+0xc2b11]
V  [jvm.dll+0xc2e35]
V  [jvm.dll+0x3bb142]
V  [jvm.dll+0x3857f5]
V  [jvm.dll+0x384c6a]
V  [jvm.dll+0x24b259]
V  [jvm.dll+0x24a651]
V  [jvm.dll+0x1ce491]
V  [jvm.dll+0x259e1b]
V  [jvm.dll+0x2584f0]
V  [jvm.dll+0x3f2895]
V  [jvm.dll+0x7f4906]
V  [jvm.dll+0x6ba5cb]
C  [ucrtbase.dll+0x37b0]
C  [KERNEL32.DLL+0x2e8d7]
C  [ntdll.dll+0x8c3fc]


---------------  P R O C E S S  ---------------

Threads class SMR info:
_java_thread_list=0x0000024430c42600, length=12, elements={
0x000002440bd6f480, 0x000002442c25ad30, 0x000002442c25b870, 0x000002442c2609d0,
0x000002442c261590, 0x000002442c261ed0, 0x000002442c262810, 0x000002442c265490,
0x000002442c266e20, 0x0000024430d49f50, 0x0000024430d4d0e0, 0x00000244313dbe10
}

Java Threads: ( => current thread )
  0x000002440bd6f480 JavaThread "main" [_thread_in_native, id=32336, stack(0x0000007a23e00000,0x0000007a23f00000)]
  0x000002442c25ad30 JavaThread "Reference Handler" daemon [_thread_blocked, id=40924, stack(0x0000007a24500000,0x0000007a24600000)]
  0x000002442c25b870 JavaThread "Finalizer" daemon [_thread_blocked, id=3728, stack(0x0000007a24600000,0x0000007a24700000)]
  0x000002442c2609d0 JavaThread "Signal Dispatcher" daemon [_thread_blocked, id=39232, stack(0x0000007a24700000,0x0000007a24800000)]
  0x000002442c261590 JavaThread "Attach Listener" daemon [_thread_blocked, id=38884, stack(0x0000007a24800000,0x0000007a24900000)]
  0x000002442c261ed0 JavaThread "Service Thread" daemon [_thread_blocked, id=29796, stack(0x0000007a24900000,0x0000007a24a00000)]
  0x000002442c262810 JavaThread "Monitor Deflation Thread" daemon [_thread_blocked, id=28080, stack(0x0000007a24a00000,0x0000007a24b00000)]
  0x000002442c265490 JavaThread "C2 CompilerThread0" daemon [_thread_in_native, id=40196, stack(0x0000007a24b00000,0x0000007a24c00000)]
  0x000002442c266e20 JavaThread "C1 CompilerThread0" daemon [_thread_blocked, id=24296, stack(0x0000007a24c00000,0x0000007a24d00000)]
  0x0000024430d49f50 JavaThread "Notification Thread" daemon [_thread_blocked, id=37180, stack(0x0000007a24d00000,0x0000007a24e00000)]
  0x0000024430d4d0e0 JavaThread "Common-Cleaner" daemon [_thread_blocked, id=36996, stack(0x0000007a24f00000,0x0000007a25000000)]
=>0x00000244313dbe10 JavaThread "C2 CompilerThread1" daemon [_thread_in_native, id=37868, stack(0x0000007a25000000,0x0000007a25100000)]

Other Threads:
  0x000002442c236330 VMThread "VM Thread" [stack: 0x0000007a24400000,0x0000007a24500000] [id=40444]
  0x0000024430d4c670 WatcherThread "VM Periodic Task Thread" [stack: 0x0000007a24e00000,0x0000007a24f00000] [id=29984]
  0x000002440bdeba10 WorkerThread "GC Thread#0" [stack: 0x0000007a23f00000,0x0000007a24000000] [id=40760]
  0x00000244317ce040 WorkerThread "GC Thread#1" [stack: 0x0000007a25100000,0x0000007a25200000] [id=23008]
  0x00000244317ce310 WorkerThread "GC Thread#2" [stack: 0x0000007a25200000,0x0000007a25300000] [id=10164]
  0x00000244317ce5e0 WorkerThread "GC Thread#3" [stack: 0x0000007a25300000,0x0000007a25400000] [id=40460]
  0x00000244317df4e0 WorkerThread "GC Thread#4" [stack: 0x0000007a25400000,0x0000007a25500000] [id=8968]
  0x00000244317e0020 WorkerThread "GC Thread#5" [stack: 0x0000007a25500000,0x0000007a25600000] [id=20356]
  0x00000244317e02f0 WorkerThread "GC Thread#6" [stack: 0x0000007a25600000,0x0000007a25700000] [id=34508]
  0x00000244317dfa80 WorkerThread "GC Thread#7" [stack: 0x0000007a25700000,0x0000007a25800000] [id=1344]
  0x000002440bdf66b0 ConcurrentGCThread "G1 Main Marker" [stack: 0x0000007a24000000,0x0000007a24100000] [id=28780]
  0x000002440bdf7e60 WorkerThread "G1 Conc#0" [stack: 0x0000007a24100000,0x0000007a24200000] [id=27264]
  0x000002440be2e710 ConcurrentGCThread "G1 Refine#0" [stack: 0x0000007a24200000,0x0000007a24300000] [id=24960]
  0x000002442c0faab0 ConcurrentGCThread "G1 Service" [stack: 0x0000007a24300000,0x0000007a24400000] [id=8168]

Threads with active compile tasks:
C2 CompilerThread0     6791 2947       4       org.codehaus.plexus.util.xml.pull.MXParser::nextImpl (1203 bytes)
C2 CompilerThread1     6791 2890       4       org.apache.maven.model.io.xpp3.MavenXpp3ReaderEx::checkFieldWithDuplicate (75 bytes)

VM state: not at safepoint (normal execution)

VM Mutex/Monitor currently owned by a thread: None

Heap address: 0x00000006c3000000, size: 5072 MB, Compressed Oops mode: Zero based, Oop shift amount: 3

CDS archive(s) mapped at: [0x0000000800000000-0x0000000800c60000-0x0000000800c60000), size 12976128, SharedBaseAddress: 0x0000000800000000, ArchiveRelocationMode: 0.
Compressed class space mapped at: 0x0000000801000000-0x0000000841000000, reserved size: 1073741824
Narrow klass base: 0x0000000800000000, Narrow klass shift: 0, Narrow klass range: 0x100000000

GC Precious Log:
 CardTable entry size: 512
 Card Set container configuration: InlinePtr #cards 4 size 8 Array Of Cards #cards 32 size 80 Howl #buckets 8 coarsen threshold 7372 Howl Bitmap #cards 1024 size 144 coarsen threshold 921 Card regions per heap region 1 cards per card region 8192
 CPUs: 8 total, 8 available
 Memory: 20285M
 Large Page Support: Disabled
 NUMA Support: Disabled
 Compressed Oops: Enabled (Zero based)
 Heap Region Size: 4M
 Heap Min Capacity: 8M
 Heap Initial Capacity: 320M
 Heap Max Capacity: 5072M
 Pre-touch: Disabled
 Parallel Workers: 8
 Concurrent Workers: 2
 Concurrent Refinement Workers: 8
 Periodic GC: Disabled

Heap:
 garbage-first heap   total 327680K, used 45665K [0x00000006c3000000, 0x0000000800000000)
  region size 4096K, 12 young (49152K), 1 survivors (4096K)
 Metaspace       used 15187K, committed 15488K, reserved 1114112K
  class space    used 1787K, committed 1920K, reserved 1048576K

Heap Regions: E=young(eden), S=young(survivor), O=old, HS=humongous(starts), HC=humongous(continues), CS=collection set, F=free, OA=open archive, CA=closed archive, TAMS=top-at-mark-start, PB=parsable bottom
|   0|0x00000006c3000000, 0x00000006c33a2800, 0x00000006c3400000| 90%| O|  |TAMS 0x00000006c3000000| PB 0x00000006c3000000| Untracked 
|   1|0x00000006c3400000, 0x00000006c3400000, 0x00000006c3800000|  0%| F|  |TAMS 0x00000006c3400000| PB 0x00000006c3400000| Untracked 
|   2|0x00000006c3800000, 0x00000006c3800000, 0x00000006c3c00000|  0%| F|  |TAMS 0x00000006c3800000| PB 0x00000006c3800000| Untracked 
|   3|0x00000006c3c00000, 0x00000006c3c00000, 0x00000006c4000000|  0%| F|  |TAMS 0x00000006c3c00000| PB 0x00000006c3c00000| Untracked 
|   4|0x00000006c4000000, 0x00000006c4000000, 0x00000006c4400000|  0%| F|  |TAMS 0x00000006c4000000| PB 0x00000006c4000000| Untracked 
|   5|0x00000006c4400000, 0x00000006c4400000, 0x00000006c4800000|  0%| F|  |TAMS 0x00000006c4400000| PB 0x00000006c4400000| Untracked 
|   6|0x00000006c4800000, 0x00000006c4800000, 0x00000006c4c00000|  0%| F|  |TAMS 0x00000006c4800000| PB 0x00000006c4800000| Untracked 
|   7|0x00000006c4c00000, 0x00000006c4c00000, 0x00000006c5000000|  0%| F|  |TAMS 0x00000006c4c00000| PB 0x00000006c4c00000| Untracked 
|   8|0x00000006c5000000, 0x00000006c5000000, 0x00000006c5400000|  0%| F|  |TAMS 0x00000006c5000000| PB 0x00000006c5000000| Untracked 
|   9|0x00000006c5400000, 0x00000006c5400000, 0x00000006c5800000|  0%| F|  |TAMS 0x00000006c5400000| PB 0x00000006c5400000| Untracked 
|  10|0x00000006c5800000, 0x00000006c5800000, 0x00000006c5c00000|  0%| F|  |TAMS 0x00000006c5800000| PB 0x00000006c5800000| Untracked 
|  11|0x00000006c5c00000, 0x00000006c5c00000, 0x00000006c6000000|  0%| F|  |TAMS 0x00000006c5c00000| PB 0x00000006c5c00000| Untracked 
|  12|0x00000006c6000000, 0x00000006c6000000, 0x00000006c6400000|  0%| F|  |TAMS 0x00000006c6000000| PB 0x00000006c6000000| Untracked 
|  13|0x00000006c6400000, 0x00000006c6400000, 0x00000006c6800000|  0%| F|  |TAMS 0x00000006c6400000| PB 0x00000006c6400000| Untracked 
|  14|0x00000006c6800000, 0x00000006c6800000, 0x00000006c6c00000|  0%| F|  |TAMS 0x00000006c6800000| PB 0x00000006c6800000| Untracked 
|  15|0x00000006c6c00000, 0x00000006c6c00000, 0x00000006c7000000|  0%| F|  |TAMS 0x00000006c6c00000| PB 0x00000006c6c00000| Untracked 
|  16|0x00000006c7000000, 0x00000006c7000000, 0x00000006c7400000|  0%| F|  |TAMS 0x00000006c7000000| PB 0x00000006c7000000| Untracked 
|  17|0x00000006c7400000, 0x00000006c7400000, 0x00000006c7800000|  0%| F|  |TAMS 0x00000006c7400000| PB 0x00000006c7400000| Untracked 
|  18|0x00000006c7800000, 0x00000006c7800000, 0x00000006c7c00000|  0%| F|  |TAMS 0x00000006c7800000| PB 0x00000006c7800000| Untracked 
|  19|0x00000006c7c00000, 0x00000006c7c00000, 0x00000006c8000000|  0%| F|  |TAMS 0x00000006c7c00000| PB 0x00000006c7c00000| Untracked 
|  20|0x00000006c8000000, 0x00000006c8000000, 0x00000006c8400000|  0%| F|  |TAMS 0x00000006c8000000| PB 0x00000006c8000000| Untracked 
|  21|0x00000006c8400000, 0x00000006c8400000, 0x00000006c8800000|  0%| F|  |TAMS 0x00000006c8400000| PB 0x00000006c8400000| Untracked 
|  22|0x00000006c8800000, 0x00000006c8800000, 0x00000006c8c00000|  0%| F|  |TAMS 0x00000006c8800000| PB 0x00000006c8800000| Untracked 
|  23|0x00000006c8c00000, 0x00000006c8c00000, 0x00000006c9000000|  0%| F|  |TAMS 0x00000006c8c00000| PB 0x00000006c8c00000| Untracked 
|  24|0x00000006c9000000, 0x00000006c9000000, 0x00000006c9400000|  0%| F|  |TAMS 0x00000006c9000000| PB 0x00000006c9000000| Untracked 
|  25|0x00000006c9400000, 0x00000006c9400000, 0x00000006c9800000|  0%| F|  |TAMS 0x00000006c9400000| PB 0x00000006c9400000| Untracked 
|  26|0x00000006c9800000, 0x00000006c9800000, 0x00000006c9c00000|  0%| F|  |TAMS 0x00000006c9800000| PB 0x00000006c9800000| Untracked 
|  27|0x00000006c9c00000, 0x00000006c9c00000, 0x00000006ca000000|  0%| F|  |TAMS 0x00000006c9c00000| PB 0x00000006c9c00000| Untracked 
|  28|0x00000006ca000000, 0x00000006ca000000, 0x00000006ca400000|  0%| F|  |TAMS 0x00000006ca000000| PB 0x00000006ca000000| Untracked 
|  29|0x00000006ca400000, 0x00000006ca400000, 0x00000006ca800000|  0%| F|  |TAMS 0x00000006ca400000| PB 0x00000006ca400000| Untracked 
|  30|0x00000006ca800000, 0x00000006ca800000, 0x00000006cac00000|  0%| F|  |TAMS 0x00000006ca800000| PB 0x00000006ca800000| Untracked 
|  31|0x00000006cac00000, 0x00000006cac00000, 0x00000006cb000000|  0%| F|  |TAMS 0x00000006cac00000| PB 0x00000006cac00000| Untracked 
|  32|0x00000006cb000000, 0x00000006cb000000, 0x00000006cb400000|  0%| F|  |TAMS 0x00000006cb000000| PB 0x00000006cb000000| Untracked 
|  33|0x00000006cb400000, 0x00000006cb400000, 0x00000006cb800000|  0%| F|  |TAMS 0x00000006cb400000| PB 0x00000006cb400000| Untracked 
|  34|0x00000006cb800000, 0x00000006cb800000, 0x00000006cbc00000|  0%| F|  |TAMS 0x00000006cb800000| PB 0x00000006cb800000| Untracked 
|  35|0x00000006cbc00000, 0x00000006cbc00000, 0x00000006cc000000|  0%| F|  |TAMS 0x00000006cbc00000| PB 0x00000006cbc00000| Untracked 
|  36|0x00000006cc000000, 0x00000006cc000000, 0x00000006cc400000|  0%| F|  |TAMS 0x00000006cc000000| PB 0x00000006cc000000| Untracked 
|  37|0x00000006cc400000, 0x00000006cc400000, 0x00000006cc800000|  0%| F|  |TAMS 0x00000006cc400000| PB 0x00000006cc400000| Untracked 
|  38|0x00000006cc800000, 0x00000006cc800000, 0x00000006ccc00000|  0%| F|  |TAMS 0x00000006cc800000| PB 0x00000006cc800000| Untracked 
|  39|0x00000006ccc00000, 0x00000006ccc00000, 0x00000006cd000000|  0%| F|  |TAMS 0x00000006ccc00000| PB 0x00000006ccc00000| Untracked 
|  40|0x00000006cd000000, 0x00000006cd000000, 0x00000006cd400000|  0%| F|  |TAMS 0x00000006cd000000| PB 0x00000006cd000000| Untracked 
|  41|0x00000006cd400000, 0x00000006cd400000, 0x00000006cd800000|  0%| F|  |TAMS 0x00000006cd400000| PB 0x00000006cd400000| Untracked 
|  42|0x00000006cd800000, 0x00000006cd800000, 0x00000006cdc00000|  0%| F|  |TAMS 0x00000006cd800000| PB 0x00000006cd800000| Untracked 
|  43|0x00000006cdc00000, 0x00000006cdc00000, 0x00000006ce000000|  0%| F|  |TAMS 0x00000006cdc00000| PB 0x00000006cdc00000| Untracked 
|  44|0x00000006ce000000, 0x00000006ce000000, 0x00000006ce400000|  0%| F|  |TAMS 0x00000006ce000000| PB 0x00000006ce000000| Untracked 
|  45|0x00000006ce400000, 0x00000006ce400000, 0x00000006ce800000|  0%| F|  |TAMS 0x00000006ce400000| PB 0x00000006ce400000| Untracked 
|  46|0x00000006ce800000, 0x00000006ce800000, 0x00000006cec00000|  0%| F|  |TAMS 0x00000006ce800000| PB 0x00000006ce800000| Untracked 
|  47|0x00000006cec00000, 0x00000006cec00000, 0x00000006cf000000|  0%| F|  |TAMS 0x00000006cec00000| PB 0x00000006cec00000| Untracked 
|  48|0x00000006cf000000, 0x00000006cf000000, 0x00000006cf400000|  0%| F|  |TAMS 0x00000006cf000000| PB 0x00000006cf000000| Untracked 
|  49|0x00000006cf400000, 0x00000006cf400000, 0x00000006cf800000|  0%| F|  |TAMS 0x00000006cf400000| PB 0x00000006cf400000| Untracked 
|  50|0x00000006cf800000, 0x00000006cf800000, 0x00000006cfc00000|  0%| F|  |TAMS 0x00000006cf800000| PB 0x00000006cf800000| Untracked 
|  51|0x00000006cfc00000, 0x00000006cfc00000, 0x00000006d0000000|  0%| F|  |TAMS 0x00000006cfc00000| PB 0x00000006cfc00000| Untracked 
|  52|0x00000006d0000000, 0x00000006d0000000, 0x00000006d0400000|  0%| F|  |TAMS 0x00000006d0000000| PB 0x00000006d0000000| Untracked 
|  53|0x00000006d0400000, 0x00000006d0400000, 0x00000006d0800000|  0%| F|  |TAMS 0x00000006d0400000| PB 0x00000006d0400000| Untracked 
|  54|0x00000006d0800000, 0x00000006d0800000, 0x00000006d0c00000|  0%| F|  |TAMS 0x00000006d0800000| PB 0x00000006d0800000| Untracked 
|  55|0x00000006d0c00000, 0x00000006d0c00000, 0x00000006d1000000|  0%| F|  |TAMS 0x00000006d0c00000| PB 0x00000006d0c00000| Untracked 
|  56|0x00000006d1000000, 0x00000006d1000000, 0x00000006d1400000|  0%| F|  |TAMS 0x00000006d1000000| PB 0x00000006d1000000| Untracked 
|  57|0x00000006d1400000, 0x00000006d1400000, 0x00000006d1800000|  0%| F|  |TAMS 0x00000006d1400000| PB 0x00000006d1400000| Untracked 
|  58|0x00000006d1800000, 0x00000006d1800000, 0x00000006d1c00000|  0%| F|  |TAMS 0x00000006d1800000| PB 0x00000006d1800000| Untracked 
|  59|0x00000006d1c00000, 0x00000006d1c00000, 0x00000006d2000000|  0%| F|  |TAMS 0x00000006d1c00000| PB 0x00000006d1c00000| Untracked 
|  60|0x00000006d2000000, 0x00000006d2000000, 0x00000006d2400000|  0%| F|  |TAMS 0x00000006d2000000| PB 0x00000006d2000000| Untracked 
|  61|0x00000006d2400000, 0x00000006d2400000, 0x00000006d2800000|  0%| F|  |TAMS 0x00000006d2400000| PB 0x00000006d2400000| Untracked 
|  62|0x00000006d2800000, 0x00000006d2800000, 0x00000006d2c00000|  0%| F|  |TAMS 0x00000006d2800000| PB 0x00000006d2800000| Untracked 
|  63|0x00000006d2c00000, 0x00000006d2c00000, 0x00000006d3000000|  0%| F|  |TAMS 0x00000006d2c00000| PB 0x00000006d2c00000| Untracked 
|  64|0x00000006d3000000, 0x00000006d3000000, 0x00000006d3400000|  0%| F|  |TAMS 0x00000006d3000000| PB 0x00000006d3000000| Untracked 
|  65|0x00000006d3400000, 0x00000006d3400000, 0x00000006d3800000|  0%| F|  |TAMS 0x00000006d3400000| PB 0x00000006d3400000| Untracked 
|  66|0x00000006d3800000, 0x00000006d3800000, 0x00000006d3c00000|  0%| F|  |TAMS 0x00000006d3800000| PB 0x00000006d3800000| Untracked 
|  67|0x00000006d3c00000, 0x00000006d3c00000, 0x00000006d4000000|  0%| F|  |TAMS 0x00000006d3c00000| PB 0x00000006d3c00000| Untracked 
|  68|0x00000006d4000000, 0x00000006d4255ff0, 0x00000006d4400000| 58%| E|  |TAMS 0x00000006d4000000| PB 0x00000006d4000000| Complete 
|  69|0x00000006d4400000, 0x00000006d4800000, 0x00000006d4800000|100%| E|CS|TAMS 0x00000006d4400000| PB 0x00000006d4400000| Complete 
|  70|0x00000006d4800000, 0x00000006d4c00000, 0x00000006d4c00000|100%| E|CS|TAMS 0x00000006d4800000| PB 0x00000006d4800000| Complete 
|  71|0x00000006d4c00000, 0x00000006d5000000, 0x00000006d5000000|100%| E|CS|TAMS 0x00000006d4c00000| PB 0x00000006d4c00000| Complete 
|  72|0x00000006d5000000, 0x00000006d5400000, 0x00000006d5400000|100%| E|CS|TAMS 0x00000006d5000000| PB 0x00000006d5000000| Complete 
|  73|0x00000006d5400000, 0x00000006d54f5de0, 0x00000006d5800000| 24%| S|CS|TAMS 0x00000006d5400000| PB 0x00000006d5400000| Complete 
|  74|0x00000006d5800000, 0x00000006d5c00000, 0x00000006d5c00000|100%| E|CS|TAMS 0x00000006d5800000| PB 0x00000006d5800000| Complete 
|  75|0x00000006d5c00000, 0x00000006d6000000, 0x00000006d6000000|100%| E|CS|TAMS 0x00000006d5c00000| PB 0x00000006d5c00000| Complete 
|  76|0x00000006d6000000, 0x00000006d6400000, 0x00000006d6400000|100%| E|CS|TAMS 0x00000006d6000000| PB 0x00000006d6000000| Complete 
|  77|0x00000006d6400000, 0x00000006d6800000, 0x00000006d6800000|100%| E|CS|TAMS 0x00000006d6400000| PB 0x00000006d6400000| Complete 
|  78|0x00000006d6800000, 0x00000006d6c00000, 0x00000006d6c00000|100%| E|CS|TAMS 0x00000006d6800000| PB 0x00000006d6800000| Complete 
|  79|0x00000006d6c00000, 0x00000006d7000000, 0x00000006d7000000|100%| E|CS|TAMS 0x00000006d6c00000| PB 0x00000006d6c00000| Complete 

Card table byte_map: [0x0000024423b40000,0x0000024424530000] _byte_map_base: 0x0000024420528000

Marking Bits: (CMBitMap*) 0x000002440bdebf50
 Bits: [0x0000024424f20000, 0x0000024429e60000)

Polling page: 0x0000024409c20000

Metaspace:

Usage:
  Non-class:     13.09 MB used.
      Class:      1.75 MB used.
       Both:     14.83 MB used.

Virtual space:
  Non-class space:       64.00 MB reserved,      13.25 MB ( 21%) committed,  1 nodes.
      Class space:        1.00 GB reserved,       1.88 MB ( <1%) committed,  1 nodes.
             Both:        1.06 GB reserved,      15.12 MB (  1%) committed. 

Chunk freelists:
   Non-Class:  2.23 MB
       Class:  1.99 MB
        Both:  4.23 MB

MaxMetaspaceSize: unlimited
CompressedClassSpaceSize: 1.00 GB
Initial GC threshold: 21.00 MB
Current GC threshold: 21.00 MB
CDS: on
MetaspaceReclaimPolicy: balanced
 - commit_granule_bytes: 65536.
 - commit_granule_words: 8192.
 - virtual_space_node_default_size: 8388608.
 - enlarge_chunks_in_place: 1.
 - new_chunks_are_fully_committed: 0.
 - uncommit_free_chunks: 1.
 - use_allocation_guard: 0.


Internal statistics:

num_allocs_failed_limit: 0.
num_arena_births: 158.
num_arena_deaths: 0.
num_vsnodes_births: 2.
num_vsnodes_deaths: 0.
num_space_committed: 242.
num_space_uncommitted: 0.
num_chunks_returned_to_freelist: 0.
num_chunks_taken_from_freelist: 649.
num_chunk_merges: 0.
num_chunk_splits: 467.
num_chunks_enlarged: 392.
num_inconsistent_stats: 0.

CodeHeap 'non-profiled nmethods': size=120000Kb used=1115Kb max_used=1115Kb free=118884Kb
 bounds [0x000002441b8f0000, 0x000002441bb60000, 0x0000024422e20000]
CodeHeap 'profiled nmethods': size=120000Kb used=5795Kb max_used=5795Kb free=114204Kb
 bounds [0x0000024413e20000, 0x00000244143d0000, 0x000002441b350000]
CodeHeap 'non-nmethods': size=5760Kb used=1562Kb max_used=1607Kb free=4197Kb
 bounds [0x000002441b350000, 0x000002441b5c0000, 0x000002441b8f0000]
 total_blobs=3451 nmethods=2967 adapters=394
 compilation: enabled
              stopped_count=0, restarted_count=0
 full_count=0

Compilation events (20 events):
Event: 6.682 Thread 0x000002442c266e20 nmethod 2930 0x00000244143b1210 code [0x00000244143b1400, 0x00000244143b1b90]
Event: 6.682 Thread 0x000002442c266e20 2932       3       java.lang.Character::codePointAt (51 bytes)
Event: 6.683 Thread 0x000002442c265490 nmethod 2923 0x000002441ba02e90 code [0x000002441ba03020, 0x000002441ba033e0]
Event: 6.683 Thread 0x000002442c266e20 nmethod 2932 0x00000244143b1e90 code [0x00000244143b2080, 0x00000244143b2700]
Event: 6.683 Thread 0x000002442c265490 2928   !   4       org.apache.maven.model.interpolation.StringVisitorModelInterpolator$1::interpolate (97 bytes)
Event: 6.683 Thread 0x000002442c266e20 2931   !   3       org.codehaus.plexus.interpolation.reflection.ClassMap::findMethod (107 bytes)
Event: 6.685 Thread 0x000002442c266e20 nmethod 2931 0x00000244143b2890 code [0x00000244143b2aa0, 0x00000244143b31f0]
Event: 6.698 Thread 0x000002442c266e20 2934       3       org.eclipse.sisu.inject.LazyBeanEntry::getValue (10 bytes)
Event: 6.699 Thread 0x000002442c266e20 nmethod 2934 0x00000244143b3490 code [0x00000244143b3620, 0x00000244143b37f8]
Event: 6.703 Thread 0x000002442c266e20 2935       3       org.codehaus.plexus.util.xml.pull.MXParser::nextImpl (1203 bytes)
Event: 6.711 Thread 0x000002442c266e20 nmethod 2935 0x00000244143b3910 code [0x00000244143b3f20, 0x00000244143b6ea0]
Event: 6.711 Thread 0x000002442c266e20 2938   !   3       org.apache.maven.model.Plugin::clone (204 bytes)
Event: 6.715 Thread 0x000002442c266e20 nmethod 2938 0x00000244143b7c90 code [0x00000244143b8060, 0x00000244143b9d90]
Event: 6.715 Thread 0x000002442c266e20 2941       3       org.codehaus.plexus.util.xml.Xpp3Dom::<init> (125 bytes)
Event: 6.718 Thread 0x000002442c266e20 nmethod 2941 0x00000244143baa10 code [0x00000244143baca0, 0x00000244143bbbf0]
Event: 6.718 Thread 0x000002442c266e20 2940       3       org.codehaus.plexus.util.xml.Xpp3Dom::<init> (10 bytes)
Event: 6.719 Thread 0x000002442c266e20 nmethod 2940 0x00000244143bc190 code [0x00000244143bc320, 0x00000244143bc478]
Event: 6.719 Thread 0x000002442c265490 nmethod 2928 0x000002441ba03690 code [0x000002441ba03860, 0x000002441ba03fc0]
Event: 6.719 Thread 0x000002442c266e20 2939       3       org.apache.maven.model.merge.MavenModelMerger::getPluginKey (5 bytes)
Event: 6.719 Thread 0x000002442c265490 2933       4       java.lang.String::<init> (14 bytes)

GC Heap History (4 events):
Event: 1.611 GC heap before
{Heap before GC invocations=0 (full 0):
 garbage-first heap   total 327680K, used 20480K [0x00000006c3000000, 0x0000000800000000)
  region size 4096K, 5 young (20480K), 0 survivors (0K)
 Metaspace       used 5775K, committed 5952K, reserved 1114112K
  class space    used 661K, committed 768K, reserved 1048576K
}
Event: 1.628 GC heap after
{Heap after GC invocations=1 (full 0):
 garbage-first heap   total 327680K, used 3953K [0x00000006c3000000, 0x0000000800000000)
  region size 4096K, 1 young (4096K), 1 survivors (4096K)
 Metaspace       used 5775K, committed 5952K, reserved 1114112K
  class space    used 661K, committed 768K, reserved 1048576K
}
Event: 2.906 GC heap before
{Heap before GC invocations=1 (full 0):
 garbage-first heap   total 327680K, used 24433K [0x00000006c3000000, 0x0000000800000000)
  region size 4096K, 6 young (24576K), 1 survivors (4096K)
 Metaspace       used 7407K, committed 7616K, reserved 1114112K
  class space    used 855K, committed 960K, reserved 1048576K
}
Event: 2.913 GC heap after
{Heap after GC invocations=2 (full 0):
 garbage-first heap   total 327680K, used 4705K [0x00000006c3000000, 0x0000000800000000)
  region size 4096K, 1 young (4096K), 1 survivors (4096K)
 Metaspace       used 7407K, committed 7616K, reserved 1114112K
  class space    used 855K, committed 960K, reserved 1048576K
}

Dll operation events (8 events):
Event: 0.010 Loaded shared library C:\Program Files\Java\jdk-20\bin\java.dll
Event: 0.022 Loaded shared library C:\Program Files\Java\jdk-20\bin\jsvml.dll
Event: 0.072 Loaded shared library C:\Program Files\Java\jdk-20\bin\net.dll
Event: 0.075 Loaded shared library C:\Program Files\Java\jdk-20\bin\nio.dll
Event: 0.079 Loaded shared library C:\Program Files\Java\jdk-20\bin\zip.dll
Event: 0.089 Loaded shared library C:\Program Files\Java\jdk-20\bin\jimage.dll
Event: 0.354 Loaded shared library C:\Users\Thaveesha Kularathne\AppData\Local\Temp\jansi-2.4.0-2284ebc376603961-jansi.dll
Event: 0.378 Loaded shared library C:\Program Files\Java\jdk-20\bin\verify.dll

Deoptimization events (20 events):
Event: 6.452 Thread 0x000002440bd6f480 Uncommon trap: trap_request=0xffffff45 fr.pc=0x000002441b9f4e64 relative=0x00000000000001e4
Event: 6.452 Thread 0x000002440bd6f480 Uncommon trap: reason=unstable_if action=reinterpret pc=0x000002441b9f4e64 method=java.lang.String.indexOf(Ljava/lang/String;)I @ 10 c2
Event: 6.452 Thread 0x000002440bd6f480 DEOPT PACKING pc=0x000002441b9f4e64 sp=0x0000007a23efdb70
Event: 6.452 Thread 0x000002440bd6f480 DEOPT UNPACKING pc=0x000002441b36d2a2 sp=0x0000007a23efdb00 mode 2
Event: 6.528 Thread 0x000002440bd6f480 Uncommon trap: trap_request=0xffffffde fr.pc=0x000002441b9ce1e8 relative=0x0000000000000808
Event: 6.528 Thread 0x000002440bd6f480 Uncommon trap: reason=class_check action=maybe_recompile pc=0x000002441b9ce1e8 method=java.util.HashMap.putVal(ILjava/lang/Object;Ljava/lang/Object;ZZ)Ljava/lang/Object; @ 203 c2
Event: 6.528 Thread 0x000002440bd6f480 DEOPT PACKING pc=0x000002441b9ce1e8 sp=0x0000007a23efba60
Event: 6.528 Thread 0x000002440bd6f480 DEOPT UNPACKING pc=0x000002441b36d2a2 sp=0x0000007a23efb9e0 mode 2
Event: 6.590 Thread 0x000002440bd6f480 Uncommon trap: trap_request=0xffffff45 fr.pc=0x000002441b99e3a8 relative=0x0000000000000ec8
Event: 6.590 Thread 0x000002440bd6f480 Uncommon trap: reason=unstable_if action=reinterpret pc=0x000002441b99e3a8 method=java.lang.String.<init>(Ljava/nio/charset/Charset;[BII)V @ 113 c2
Event: 6.590 Thread 0x000002440bd6f480 DEOPT PACKING pc=0x000002441b99e3a8 sp=0x0000007a23efd870
Event: 6.590 Thread 0x000002440bd6f480 DEOPT UNPACKING pc=0x000002441b36d2a2 sp=0x0000007a23efd838 mode 2
Event: 6.591 Thread 0x000002440bd6f480 Uncommon trap: trap_request=0xffffff45 fr.pc=0x000002441b9612a8 relative=0x0000000000000328
Event: 6.591 Thread 0x000002440bd6f480 Uncommon trap: reason=unstable_if action=reinterpret pc=0x000002441b9612a8 method=java.lang.String.decodeASCII([BI[CII)I @ 13 c2
Event: 6.591 Thread 0x000002440bd6f480 DEOPT PACKING pc=0x000002441b9612a8 sp=0x0000007a23efd460
Event: 6.591 Thread 0x000002440bd6f480 DEOPT UNPACKING pc=0x000002441b36d2a2 sp=0x0000007a23efd360 mode 2
Event: 6.692 Thread 0x000002440bd6f480 Uncommon trap: trap_request=0xffffff45 fr.pc=0x000002441b962418 relative=0x0000000000000818
Event: 6.692 Thread 0x000002440bd6f480 Uncommon trap: reason=unstable_if action=reinterpret pc=0x000002441b962418 method=org.codehaus.plexus.util.xml.pull.MXParser.nextImpl()I @ 880 c2
Event: 6.692 Thread 0x000002440bd6f480 DEOPT PACKING pc=0x000002441b962418 sp=0x0000007a23efd710
Event: 6.692 Thread 0x000002440bd6f480 DEOPT UNPACKING pc=0x000002441b36d2a2 sp=0x0000007a23efd688 mode 2

Classes loaded (20 events):
Event: 6.261 Loading class sun/nio/ch/FileKey
Event: 6.261 Loading class sun/nio/ch/FileKey done
Event: 6.261 Loading class sun/nio/ch/FileLockTable$FileLockReference
Event: 6.261 Loading class sun/nio/ch/FileLockTable$FileLockReference done
Event: 6.261 Loading class java/nio/channels/spi/AbstractInterruptibleChannel$1
Event: 6.262 Loading class sun/nio/ch/Interruptible
Event: 6.262 Loading class sun/nio/ch/Interruptible done
Event: 6.262 Loading class java/nio/channels/spi/AbstractInterruptibleChannel$1 done
Event: 6.263 Loading class java/util/AbstractMap$2
Event: 6.263 Loading class java/util/AbstractMap$2 done
Event: 6.263 Loading class java/util/AbstractMap$2$1
Event: 6.263 Loading class java/util/AbstractMap$2$1 done
Event: 6.475 Loading class java/util/StringTokenizer
Event: 6.475 Loading class java/util/StringTokenizer done
Event: 6.480 Loading class java/math/BigDecimal
Event: 6.481 Loading class java/math/BigDecimal done
Event: 6.482 Loading class java/lang/Short$ShortCache
Event: 6.482 Loading class java/lang/Short$ShortCache done
Event: 6.482 Loading class java/lang/Byte$ByteCache
Event: 6.483 Loading class java/lang/Byte$ByteCache done

Classes unloaded (0 events):
No events

Classes redefined (0 events):
No events

Internal exceptions (20 events):
Event: 1.534 Thread 0x000002440bd6f480 Exception <a 'java/lang/NoSuchMethodError'{0x00000006d5f4a350}: 'int java.lang.invoke.DirectMethodHandle$Holder.invokeStaticInit(java.lang.Object, java.lang.Object)'> (0x00000006d5f4a350) 
thrown [s\open\src\hotspot\share\interpreter\linkResolver.cpp, line 773]
Event: 1.567 Thread 0x000002440bd6f480 Exception <a 'java/lang/NoClassDefFoundError'{0x00000006d5f84858}: javax/enterprise/inject/Typed> (0x00000006d5f84858) 
thrown [s\open\src\hotspot\share\classfile\systemDictionary.cpp, line 294]
Event: 4.335 Thread 0x000002440bd6f480 Exception <a 'java/lang/NoSuchMethodError'{0x00000006d5e37f50}: 'void java.lang.invoke.DirectMethodHandle$Holder.invokeStaticInit(java.lang.Object, java.lang.Object, java.lang.Object)'> (0x00000006d5e37f50) 
thrown [s\open\src\hotspot\share\interpreter\linkResolver.cpp, line 773]
Event: 4.347 Thread 0x000002440bd6f480 Exception <a 'java/lang/ExceptionInInitializerError'{0x00000006d5e63c58}> (0x00000006d5e63c58) 
thrown [s\open\src\hotspot\share\oops\instanceKlass.cpp, line 1160]
Event: 4.429 Thread 0x000002440bd6f480 Exception <a 'java/lang/NoSuchMethodError'{0x00000006d5f7d518}: 'long java.lang.invoke.DirectMethodHandle$Holder.invokeStatic(java.lang.Object, java.lang.Object, int)'> (0x00000006d5f7d518) 
thrown [s\open\src\hotspot\share\interpreter\linkResolver.cpp, line 773]
Event: 4.433 Thread 0x000002440bd6f480 Exception <a 'java/lang/NoSuchMethodError'{0x00000006d5f905b0}: 'java.lang.Object java.lang.invoke.DirectMethodHandle$Holder.invokeStatic(java.lang.Object, java.lang.Object, java.lang.Object, java.lang.Object, int)'> (0x00000006d5f905b0) 
thrown [s\open\src\hotspot\share\interpreter\linkResolver.cpp, line 773]
Event: 4.436 Thread 0x000002440bd6f480 Exception <a 'java/lang/NoSuchMethodError'{0x00000006d5f984c8}: 'java.lang.Object java.lang.invoke.DirectMethodHandle$Holder.invokeSpecial(java.lang.Object, java.lang.Object, java.lang.Object, java.lang.Object, long)'> (0x00000006d5f984c8) 
thrown [s\open\src\hotspot\share\interpreter\linkResolver.cpp, line 773]
Event: 4.439 Thread 0x000002440bd6f480 Exception <a 'java/lang/NoSuchMethodError'{0x00000006d5fa3fb8}: 'java.lang.Object java.lang.invoke.DirectMethodHandle$Holder.invokeSpecial(java.lang.Object, java.lang.Object, java.lang.Object, int, java.lang.Object)'> (0x00000006d5fa3fb8) 
thrown [s\open\src\hotspot\share\interpreter\linkResolver.cpp, line 773]
Event: 4.441 Thread 0x000002440bd6f480 Exception <a 'java/lang/NoSuchMethodError'{0x00000006d5fac0d8}: 'int java.lang.invoke.DirectMethodHandle$Holder.invokeSpecial(java.lang.Object, java.lang.Object, java.lang.Object, int)'> (0x00000006d5fac0d8) 
thrown [s\open\src\hotspot\share\interpreter\linkResolver.cpp, line 773]
Event: 4.447 Thread 0x000002440bd6f480 Implicit null exception at 0x000002441b984a1d to 0x000002441b984b74
Event: 4.452 Thread 0x000002440bd6f480 Exception <a 'java/lang/NoSuchMethodError'{0x00000006d5fd19c8}: 'java.lang.Object java.lang.invoke.Invokers$Holder.invokeExact_MT(java.lang.Object, int, java.lang.Object)'> (0x00000006d5fd19c8) 
thrown [s\open\src\hotspot\share\interpreter\linkResolver.cpp, line 773]
Event: 5.377 Thread 0x000002440bd6f480 Exception <a 'java/lang/NoSuchMethodError'{0x00000006d53e9958}: 'void java.lang.invoke.Invokers$Holder.invokeExact_MT(java.lang.Object, java.lang.Object, java.lang.Object, java.lang.Object)'> (0x00000006d53e9958) 
thrown [s\open\src\hotspot\share\interpreter\linkResolver.cpp, line 773]
Event: 5.459 Thread 0x000002440bd6f480 Exception <a 'java/lang/NoClassDefFoundError'{0x00000006d4c84ef8}: com/google/inject/servlet/ServletModuleTargetVisitor> (0x00000006d4c84ef8) 
thrown [s\open\src\hotspot\share\classfile\systemDictionary.cpp, line 294]
Event: 5.693 Thread 0x000002440bd6f480 Exception <a 'java/lang/NoSuchMethodError'{0x00000006d4e54468}: 'void java.lang.invoke.DirectMethodHandle$Holder.invokeVirtual(java.lang.Object, java.lang.Object)'> (0x00000006d4e54468) 
thrown [s\open\src\hotspot\share\interpreter\linkResolver.cpp, line 773]
Event: 5.779 Thread 0x000002440bd6f480 Exception <a 'java/lang/NoSuchMethodError'{0x00000006d4ed3190}: 'java.lang.Object java.lang.invoke.DirectMethodHandle$Holder.invokeStaticInit(java.lang.Object, int, int, int, int)'> (0x00000006d4ed3190) 
thrown [s\open\src\hotspot\share\interpreter\linkResolver.cpp, line 773]
Event: 6.169 Thread 0x000002440bd6f480 Implicit null exception at 0x000002441b975560 to 0x000002441b975ac4
Event: 6.169 Thread 0x000002440bd6f480 Implicit null exception at 0x000002441b929860 to 0x000002441b929dbc
Event: 6.280 Thread 0x000002440bd6f480 Implicit null exception at 0x000002441b9bae25 to 0x000002441b9bb5f0
Event: 6.513 Thread 0x000002440bd6f480 Exception <a 'java/lang/NoSuchMethodError'{0x00000006d4664db0}: 'void java.lang.invoke.DirectMethodHandle$Holder.invokeVirtual(java.lang.Object, java.lang.Object, int)'> (0x00000006d4664db0) 
thrown [s\open\src\hotspot\share\interpreter\linkResolver.cpp, line 773]
Event: 6.515 Thread 0x000002440bd6f480 Exception <a 'java/lang/NoSuchMethodError'{0x00000006d466bd80}: 'void java.lang.invoke.DelegatingMethodHandle$Holder.reinvoke_L(java.lang.Object, java.lang.Object, int)'> (0x00000006d466bd80) 
thrown [s\open\src\hotspot\share\interpreter\linkResolver.cpp, line 773]

VM Operations (20 events):
Event: 4.581 Executing VM operation: HandshakeAllThreads
Event: 4.581 Executing VM operation: HandshakeAllThreads done
Event: 4.731 Executing VM operation: HandshakeAllThreads
Event: 4.731 Executing VM operation: HandshakeAllThreads done
Event: 5.356 Executing VM operation: HandshakeAllThreads
Event: 5.356 Executing VM operation: HandshakeAllThreads done
Event: 5.356 Executing VM operation: Cleanup
Event: 5.357 Executing VM operation: Cleanup done
Event: 5.728 Executing VM operation: HandshakeAllThreads
Event: 5.729 Executing VM operation: HandshakeAllThreads done
Event: 5.829 Executing VM operation: HandshakeAllThreads
Event: 5.829 Executing VM operation: HandshakeAllThreads done
Event: 5.958 Executing VM operation: HandshakeAllThreads
Event: 5.958 Executing VM operation: HandshakeAllThreads done
Event: 6.084 Executing VM operation: HandshakeAllThreads
Event: 6.084 Executing VM operation: HandshakeAllThreads done
Event: 6.087 Executing VM operation: HandshakeAllThreads
Event: 6.087 Executing VM operation: HandshakeAllThreads done
Event: 6.374 Executing VM operation: ICBufferFull
Event: 6.374 Executing VM operation: ICBufferFull done

Events (20 events):
Event: 0.022 Thread 0x000002440bd6f480 Thread added: 0x000002440bd6f480
Event: 0.040 Thread 0x000002442c25ad30 Thread added: 0x000002442c25ad30
Event: 0.040 Thread 0x000002442c25b870 Thread added: 0x000002442c25b870
Event: 0.041 Thread 0x000002442c2609d0 Thread added: 0x000002442c2609d0
Event: 0.041 Thread 0x000002442c261590 Thread added: 0x000002442c261590
Event: 0.041 Thread 0x000002442c261ed0 Thread added: 0x000002442c261ed0
Event: 0.041 Thread 0x000002442c262810 Thread added: 0x000002442c262810
Event: 0.041 Thread 0x000002442c265490 Thread added: 0x000002442c265490
Event: 0.041 Thread 0x000002442c266e20 Thread added: 0x000002442c266e20
Event: 0.064 Thread 0x0000024430d49f50 Thread added: 0x0000024430d49f50
Event: 0.067 Thread 0x0000024430d4d0e0 Thread added: 0x0000024430d4d0e0
Event: 0.203 Thread 0x0000024430dc3bc0 Thread added: 0x0000024430dc3bc0
Event: 1.210 Thread 0x0000024430dc3bc0 Thread exited: 0x0000024430dc3bc0
Event: 1.592 Thread 0x0000024431702240 Thread added: 0x0000024431702240
Event: 1.682 Thread 0x00000244314264b0 Thread added: 0x00000244314264b0
Event: 2.448 Thread 0x00000244314264b0 Thread exited: 0x00000244314264b0
Event: 2.642 Thread 0x0000024431702240 Thread exited: 0x0000024431702240
Event: 3.005 Thread 0x00000244318d9ba0 Thread added: 0x00000244318d9ba0
Event: 3.406 Thread 0x00000244318d9ba0 Thread exited: 0x00000244318d9ba0
Event: 5.386 Thread 0x00000244313dbe10 Thread added: 0x00000244313dbe10


Dynamic libraries:
0x00007ff722fc0000 - 0x00007ff722fd0000 	C:\Program Files\Java\jdk-20\bin\java.exe
0x00007ff9b2440000 - 0x00007ff9b26a7000 	C:\WINDOWS\SYSTEM32\ntdll.dll
0x00007ff9b0f80000 - 0x00007ff9b1049000 	C:\WINDOWS\System32\KERNEL32.DLL
0x00007ff9af110000 - 0x00007ff9af504000 	C:\WINDOWS\System32\KERNELBASE.dll
0x00007ff9aeda0000 - 0x00007ff9aeeeb000 	C:\WINDOWS\System32\ucrtbase.dll
0x00007ff9aaaa0000 - 0x00007ff9aaab9000 	C:\Program Files\Java\jdk-20\bin\jli.dll
0x00007ff9aaac0000 - 0x00007ff9aaadb000 	C:\Program Files\Java\jdk-20\bin\VCRUNTIME140.dll
0x00007ff9b0890000 - 0x00007ff9b0946000 	C:\WINDOWS\System32\ADVAPI32.dll
0x00007ff9b1d50000 - 0x00007ff9b1df9000 	C:\WINDOWS\System32\msvcrt.dll
0x00007ff9b1ee0000 - 0x00007ff9b1f87000 	C:\WINDOWS\System32\sechost.dll
0x00007ff9b05a0000 - 0x00007ff9b06b8000 	C:\WINDOWS\System32\RPCRT4.dll
0x00007ff9b06c0000 - 0x00007ff9b0885000 	C:\WINDOWS\System32\USER32.dll
0x00007ff9aeef0000 - 0x00007ff9aef17000 	C:\WINDOWS\System32\win32u.dll
0x00007ff996340000 - 0x00007ff9965d3000 	C:\WINDOWS\WinSxS\amd64_microsoft.windows.common-controls_6595b64144ccf1df_6.0.26100.8115_none_3e075c82e3354f9c\COMCTL32.dll
0x00007ff9b1c90000 - 0x00007ff9b1cbb000 	C:\WINDOWS\System32\GDI32.dll
0x00007ff9aefe0000 - 0x00007ff9af10a000 	C:\WINDOWS\System32\gdi32full.dll
0x00007ff9af800000 - 0x00007ff9af8a3000 	C:\WINDOWS\System32\msvcp_win.dll
0x00007ff9a77f0000 - 0x00007ff9a77fb000 	C:\WINDOWS\SYSTEM32\VERSION.dll
0x00007ff9b18c0000 - 0x00007ff9b18f2000 	C:\WINDOWS\System32\IMM32.DLL
0x00007ff9aa100000 - 0x00007ff9aa10c000 	C:\Program Files\Java\jdk-20\bin\vcruntime140_1.dll
0x00007ff9336a0000 - 0x00007ff93372e000 	C:\Program Files\Java\jdk-20\bin\msvcp140.dll
0x00007ff8d2b30000 - 0x00007ff8d37c7000 	C:\Program Files\Java\jdk-20\bin\server\jvm.dll
0x00007ff999120000 - 0x00007ff999156000 	C:\WINDOWS\SYSTEM32\WINMM.dll
0x00007ff9a48e0000 - 0x00007ff9a48ea000 	C:\WINDOWS\SYSTEM32\WSOCK32.dll
0x00007ff9b03a0000 - 0x00007ff9b0420000 	C:\WINDOWS\System32\WS2_32.dll
0x00007ff9ada80000 - 0x00007ff9ada9b000 	C:\WINDOWS\SYSTEM32\kernel.appcore.dll
0x00007ff9a9e00000 - 0x00007ff9a9e0a000 	C:\Program Files\Java\jdk-20\bin\jimage.dll
0x00007ff9acaf0000 - 0x00007ff9acd32000 	C:\WINDOWS\SYSTEM32\DBGHELP.DLL
0x00007ff9b1900000 - 0x00007ff9b1c82000 	C:\WINDOWS\System32\combase.dll
0x00007ff9b1e00000 - 0x00007ff9b1ed7000 	C:\WINDOWS\System32\OLEAUT32.dll
0x00007ff991da0000 - 0x00007ff991ddb000 	C:\WINDOWS\SYSTEM32\dbgcore.DLL
0x00007ff9af8b0000 - 0x00007ff9af955000 	C:\WINDOWS\System32\bcryptPrimitives.dll
0x00007ff9a9dd0000 - 0x00007ff9a9df6000 	C:\Program Files\Java\jdk-20\bin\java.dll
0x00007ff9328c0000 - 0x00007ff932997000 	C:\Program Files\Java\jdk-20\bin\jsvml.dll
0x00007ff9b1150000 - 0x00007ff9b18b6000 	C:\WINDOWS\System32\SHELL32.dll
0x00007ff9af510000 - 0x00007ff9af67a000 	C:\WINDOWS\System32\wintypes.dll
0x00007ff9af960000 - 0x00007ff9b01c5000 	C:\WINDOWS\System32\windows.storage.dll
0x00007ff9b1050000 - 0x00007ff9b1147000 	C:\WINDOWS\System32\SHCORE.dll
0x00007ff9b2110000 - 0x00007ff9b2176000 	C:\WINDOWS\System32\shlwapi.dll
0x00007ff9aec30000 - 0x00007ff9aec59000 	C:\WINDOWS\SYSTEM32\profapi.dll
0x00007ff99a5b0000 - 0x00007ff99a5c3000 	C:\Program Files\Java\jdk-20\bin\net.dll
0x00007ff9a4270000 - 0x00007ff9a439d000 	C:\WINDOWS\SYSTEM32\WINHTTP.dll
0x00007ff9ae010000 - 0x00007ff9ae07c000 	C:\WINDOWS\system32\mswsock.dll
0x00007ff9948b0000 - 0x00007ff9948c6000 	C:\Program Files\Java\jdk-20\bin\nio.dll
0x00007ff986a40000 - 0x00007ff986a58000 	C:\Program Files\Java\jdk-20\bin\zip.dll
0x0000000069ac0000 - 0x0000000069ae4000 	C:\Users\Thaveesha Kularathne\AppData\Local\Temp\jansi-2.4.0-2284ebc376603961-jansi.dll
0x00007ff9a9dc0000 - 0x00007ff9a9dd0000 	C:\Program Files\Java\jdk-20\bin\verify.dll

dbghelp: loaded successfully - version: 4.0.5 - missing functions: none
symbol engine: initialized successfully - sym options: 0x614 - pdb path: .;C:\Program Files\Java\jdk-20\bin;C:\WINDOWS\SYSTEM32;C:\WINDOWS\WinSxS\amd64_microsoft.windows.common-controls_6595b64144ccf1df_6.0.26100.8115_none_3e075c82e3354f9c;C:\Program Files\Java\jdk-20\bin\server;C:\Users\Thaveesha Kularathne\AppData\Local\Temp

VM Arguments:
jvm_args: -Dmaven.multiModuleProjectDirectory=F:\Projects\PAF_Project\backend 
java_command: org.apache.maven.wrapper.MavenWrapperMain -q compile -DskipTests
java_class_path (initial): F:\Projects\PAF_Project\backend\.mvn\wrapper\maven-wrapper.jar
Launcher Type: SUN_STANDARD

[Global flags]
     intx CICompilerCount                          = 4                                         {product} {ergonomic}
     uint ConcGCThreads                            = 2                                         {product} {ergonomic}
     uint G1ConcRefinementThreads                  = 8                                         {product} {ergonomic}
   size_t G1HeapRegionSize                         = 4194304                                   {product} {ergonomic}
    uintx GCDrainStackTargetSize                   = 64                                        {product} {ergonomic}
   size_t InitialHeapSize                          = 335544320                                 {product} {ergonomic}
   size_t MarkStackSize                            = 4194304                                   {product} {ergonomic}
   size_t MaxHeapSize                              = 5318377472                                {product} {ergonomic}
   size_t MaxNewSize                               = 3187671040                                {product} {ergonomic}
   size_t MinHeapDeltaBytes                        = 4194304                                   {product} {ergonomic}
   size_t MinHeapSize                              = 8388608                                   {product} {ergonomic}
    uintx NonNMethodCodeHeapSize                   = 5839372                                {pd product} {ergonomic}
    uintx NonProfiledCodeHeapSize                  = 122909434                              {pd product} {ergonomic}
    uintx ProfiledCodeHeapSize                     = 122909434                              {pd product} {ergonomic}
    uintx ReservedCodeCacheSize                    = 251658240                              {pd product} {ergonomic}
     bool SegmentedCodeCache                       = true                                      {product} {ergonomic}
   size_t SoftMaxHeapSize                          = 5318377472                             {manageable} {ergonomic}
     bool UseCompressedClassPointers               = true                           {product lp64_product} {ergonomic}
     bool UseCompressedOops                        = true                           {product lp64_product} {ergonomic}
     bool UseG1GC                                  = true                                      {product} {ergonomic}
     bool UseLargePagesIndividualAllocation        = false                                  {pd product} {ergonomic}

Logging:
Log output configuration:
 #0: stdout all=warning uptime,level,tags foldmultilines=false
 #1: stderr all=off uptime,level,tags foldmultilines=false

Environment Variables:
PATH=C:\Program Files\Common Files\Oracle\Java\javapath;C:\Windows\system32;C:\Windows;C:\Windows\System32\Wbem;C:\Windows\System32\WindowsPowerShell\v1.0\;C:\Windows\System32\OpenSSH\;C:\Program Files (x86)\NVIDIA Corporation\PhysX\Common;C:\WINDOWS\system32;C:\WINDOWS;C:\WINDOWS\System32\Wbem;C:\WINDOWS\System32\WindowsPowerShell\v1.0\;C:\WINDOWS\System32\OpenSSH\;C:\Program Files\Microsoft SQL Server\150\Tools\Binn\;C:\Program Files\Microsoft SQL Server\Client SDK\ODBC\170\Tools\Binn\;C:\Program Files\dotnet\;C:\Program Files (x86)\Microsoft SQL Server\160\Tools\Binn\;C:\Program Files\Microsoft SQL Server\160\Tools\Binn\;C:\Program Files\Microsoft SQL Server\160\DTS\Binn\;C:\Program Files (x86)\Microsoft SQL Server\160\DTS\Binn\;C:\Program Files\Java\jdk-20\bin;C:\Program Files\nodejs\;C:\Program Files\Git\cmd;C:\Program Files (x86)\Windows Kits\10\Windows Performance Toolkit\;C:\Program Files\Docker\Docker\resources\bin;C:\Program Files\cursor\resources\app\bin;C:\Users\Thaveesha Kularathne\AppData\Local\Programs\Python\Launcher\;C:\Program Files\MySQL\MySQL Shell 8.0\bin\;C:\Users\Thaveesha Kularathne\AppData\Local\Microsoft\WindowsApps;C:\Users\Thaveesha Kularathne\AppData\Local\Programs\Microsoft VS Code\bin;C:\Users\Thaveesha Kularathne\.dotnet\tools;C:\Users\Thaveesha Kularathne\AppData\Local\GitHubDesktop\bin;C:\Users\Thaveesha Kularathne\AppData\Roaming\npm;C:\Program Files\JetBrains\WebStorm 2024.3.5\bin;;C:\Users\Thaveesha Kularathne\AppData\Local\Programs\Microsoft VS Code Insiders\bin
USERNAME=Thaveesha Kularathne
TERM=dumb
OS=Windows_NT
PROCESSOR_IDENTIFIER=Intel64 Family 6 Model 126 Stepping 5, GenuineIntel
TMP=C:\Users\THAVEE~1\AppData\Local\Temp
TEMP=C:\Users\THAVEE~1\AppData\Local\Temp




---------------  S Y S T E M  ---------------

OS:
 Windows 11 , 64 bit Build 26100 (10.0.26100.8115)
OS uptime: 8 days 12:02 hours
Hyper-V role detected

CPU: total 8 (initial active 8) (4 cores per cpu, 2 threads per core) family 6 model 126 stepping 5 microcode 0xa6, cx8, cmov, fxsr, ht, mmx, 3dnowpref, sse, sse2, sse3, ssse3, sse4.1, sse4.2, popcnt, lzcnt, tsc, tscinvbit, avx, avx2, aes, erms, clmul, bmi1, bmi2, adx, avx512f, avx512dq, avx512cd, avx512bw, avx512vl, sha, fma, vzeroupper, avx512_vpopcntdq, avx512_vpclmulqdq, avx512_vaes, avx512_vnni, clflush, clflushopt, avx512_vbmi2, avx512_vbmi, hv, rdtscp, rdpid, fsrm, gfni, avx512_bitalg, f16c, avx512_ifma

Memory: 4k page, system-wide physical 20285M (2685M free)
TotalPageFile size 27334M (AvailPageFile size 21M)
current process WorkingSet (physical memory assigned to process): 126M, peak: 126M
current process commit charge ("private bytes"): 444M, peak: 444M

vm_info: Java HotSpot(TM) 64-Bit Server VM (20+36-2344) for windows-amd64 JRE (20+36-2344), built on 2023-02-10T19:30:15Z by "mach5one" with MS VC++ 17.1 (VS2022)

END.
